<?xml version="1.0" encoding="UTF-8"?>
<!-- Generated by org.testng.reporters.JUnitReportReporter -->
<testsuite skipped="0" hostname="DESKTOP-6FB5FOI" name="tests.Test1" tests="1" failures="0" timestamp="2023-03-26T05:12:09 IST" time="12.764" errors="0">
  <testcase name="method1" time="12.764" classname="tests.Test1"/>
  <system-out/>
</testsuite> <!-- tests.Test1 -->
